<?xml version="1.0" encoding="UTF-8"?>
<testng-results ignored="0" total="1" passed="1" failed="0" skipped="0">
  <reporter-output>
  </reporter-output>
  <suite started-at="2022-08-24T11:42:39Z" name="Microsoft Test Automation Test Suite" finished-at="2022-08-24T11:43:32Z" duration-ms="52348">
    <groups>
    </groups>
    <test started-at="2022-08-24T11:42:39Z" name="Microsoft Application Test Cases" finished-at="2022-08-24T11:43:32Z" duration-ms="52348">
      <class name="microsoft.qa.testcases.SearchValidation">
        <test-method is-config="true" signature="setUp()[pri:0, instance:microsoft.qa.testcases.SearchValidation@1f1c7bf6]" started-at="2022-08-24T07:42:41Z" name="setUp" finished-at="2022-08-24T07:42:49Z" duration-ms="8581" status="PASS">
          <reporter-output>
          </reporter-output>
        </test-method> <!-- setUp -->
        <test-method signature="validateSearch(java.util.HashMap)[pri:0, instance:microsoft.qa.testcases.SearchValidation@1f1c7bf6]" started-at="2022-08-24T07:42:49Z" name="validateSearch" data-provider="getData" finished-at="2022-08-24T07:43:32Z" duration-ms="42584" status="PASS">
          <params>
            <param index="0">
              <value>
                <![CDATA[{searchData=Xbox}]]>
              </value>
            </param>
          </params>
          <reporter-output>
          </reporter-output>
        </test-method> <!-- validateSearch -->
        <test-method is-config="true" signature="tearDown()[pri:0, instance:microsoft.qa.testcases.SearchValidation@1f1c7bf6]" started-at="2022-08-24T07:43:32Z" name="tearDown" finished-at="2022-08-24T07:43:32Z" duration-ms="154" status="PASS">
          <reporter-output>
          </reporter-output>
        </test-method> <!-- tearDown -->
      </class> <!-- microsoft.qa.testcases.SearchValidation -->
    </test> <!-- Microsoft Application Test Cases -->
  </suite> <!-- Microsoft Test Automation Test Suite -->
</testng-results>
